TN:
SF:src/core/email_address.ts
FN:19,constructor
FN:35,parseAddressList
FN:46,(anonymous_2)
FN:49,(anonymous_3)
FNF:4
FNH:4
FNDA:20,constructor
FNDA:26,parseAddressList
FNDA:23,(anonymous_2)
FNDA:21,(anonymous_3)
DA:16,1
DA:20,20
DA:21,20
DA:36,26
DA:38,24
DA:39,8
DA:44,16
DA:46,23
DA:49,21
DA:50,16
DA:51,12
DA:54,4
LF:12
LH:12
BRDA:36,0,0,2
BRDA:36,0,1,24
BRDA:38,1,0,8
BRDA:38,1,1,16
BRDA:50,2,0,12
BRDA:50,2,1,4
BRF:6
BRH:6
end_of_record
TN:
SF:src/core/schemas.ts
FN:98,(anonymous_0)
FN:102,(anonymous_1)
FN:104,(anonymous_2)
FNF:3
FNH:3
FNDA:14,(anonymous_0)
FNDA:16,(anonymous_1)
FNDA:16,(anonymous_2)
DA:3,1
DA:10,1
DA:16,1
DA:22,1
DA:29,1
DA:50,1
DA:69,1
DA:94,1
DA:100,14
DA:102,16
DA:104,16
DA:112,1
DA:133,1
DA:151,1
DA:162,1
DA:169,1
LF:16
LH:16
BRF:0
BRH:0
end_of_record
TN:
SF:src/core/tsquery.ts
FN:23,toTsQueryPhrase
FN:31,(anonymous_1)
FN:34,(anonymous_2)
FNF:3
FNH:3
FNDA:26,toTsQueryPhrase
FNDA:53,(anonymous_1)
FNDA:32,(anonymous_2)
DA:24,26
DA:31,53
DA:33,26
DA:34,32
LF:4
LH:4
BRDA:33,0,0,9
BRDA:33,0,1,17
BRF:2
BRH:2
end_of_record
TN:
SF:src/utils/python_runner.ts
FN:23,constructor
FN:45,runPython
FN:54,(anonymous_2)
FN:66,(anonymous_3)
FN:73,(anonymous_4)
FN:74,(anonymous_5)
FN:80,(anonymous_6)
FN:83,(anonymous_7)
FN:92,(anonymous_8)
FN:95,(anonymous_9)
FN:99,(anonymous_10)
FN:100,(anonymous_11)
FN:103,(anonymous_12)
FN:104,(anonymous_13)
FNF:14
FNH:11
FNDA:6,constructor
FNDA:15,runPython
FNDA:15,(anonymous_2)
FNDA:18,(anonymous_3)
FNDA:1,(anonymous_4)
FNDA:1,(anonymous_5)
FNDA:13,(anonymous_6)
FNDA:1,(anonymous_7)
FNDA:3,(anonymous_8)
FNDA:0,(anonymous_9)
FNDA:0,(anonymous_10)
FNDA:0,(anonymous_11)
FNDA:15,(anonymous_12)
FNDA:13,(anonymous_13)
DA:25,6
DA:26,6
DA:28,6
DA:29,6
DA:52,15
DA:54,15
DA:55,15
DA:61,15
DA:62,15
DA:63,15
DA:64,15
DA:66,15
DA:67,18
DA:68,15
DA:69,15
DA:70,15
DA:73,15
DA:74,1
DA:75,1
DA:76,1
DA:80,15
DA:81,13
DA:82,13
DA:83,2
DA:84,1
DA:85,1
DA:87,2
DA:89,11
DA:92,15
DA:95,15
DA:99,15
DA:100,0
DA:103,15
DA:104,15
DA:105,13
DA:106,13
DA:107,3
DA:112,13
DA:113,3
DA:120,3
DA:122,10
DA:123,10
DA:124,10
DA:126,1
DA:137,15
DA:138,8
DA:140,15
LF:47
LH:46
BRDA:48,0,0,15
BRDA:50,1,0,15
BRDA:51,2,0,15
BRDA:67,3,0,3
BRDA:67,3,1,15
BRDA:82,4,0,2
BRDA:82,4,1,11
BRDA:106,5,0,3
BRDA:106,5,1,10
BRDA:112,6,0,3
BRDA:112,6,1,10
BRDA:137,7,0,8
BRDA:137,7,1,7
BRF:13
BRH:13
end_of_record
TN:
SF:src/utils/rate_limiter.ts
FN:24,constructor
FN:28,acquire
FN:29,(anonymous_2)
FN:36,(anonymous_3)
FN:41,(anonymous_4)
FN:42,(anonymous_5)
FNF:6
FNH:5
FNDA:6,constructor
FNDA:31,acquire
FNDA:31,(anonymous_2)
FNDA:6,(anonymous_3)
FNDA:31,(anonymous_4)
FNDA:0,(anonymous_5)
DA:21,6
DA:22,6
DA:24,6
DA:25,6
DA:29,31
DA:30,31
DA:31,31
DA:33,31
DA:35,31
DA:36,31
DA:41,31
DA:42,31
DA:43,0
DA:46,31
LF:14
LH:13
BRDA:25,0,0,1
BRDA:25,0,1,5
BRDA:36,1,0,6
BRDA:36,1,1,25
BRF:4
BRH:4
end_of_record
